<?xml version="1.0" encoding="UTF-8"?>
<!-- Generated by org.testng.reporters.JUnitReportReporter -->
<testsuite hostname="DESKTOP-955TIBR" name="com.TestNgActiTime.script.TestIssueDate" tests="1" failures="0" timestamp="15 May 2020 05:37:38 GMT" time="4.960" errors="0">
  <testcase name="CheckIssueDate" time="4.960" classname="com.TestNgActiTime.script.TestIssueDate"/>
</testsuite> <!-- com.TestNgActiTime.script.TestIssueDate -->
