<?xml version="1.0" encoding="UTF-8"?>
<!-- Generated by org.testng.reporters.JUnitReportReporter -->
<testsuite hostname="DESKTOP-955TIBR" name="testNg.One" tests="1" failures="0" timestamp="10 May 2020 23:03:04 GMT" time="0.021" errors="0">
  <testcase name="oned" time="0.021" classname="testNg.One"/>
</testsuite> <!-- testNg.One -->
