<?xml version="1.0" encoding="UTF-8"?>
<!-- Generated by org.testng.reporters.JUnitReportReporter -->
<testsuite hostname="DESKTOP-955TIBR" name="com.TestNgActiTime.script.TestValidLoginPage" tests="1" failures="0" timestamp="15 May 2020 05:37:38 GMT" time="4.281" errors="0">
  <testcase name="testLoginPage" time="4.281" classname="com.TestNgActiTime.script.TestValidLoginPage"/>
</testsuite> <!-- com.TestNgActiTime.script.TestValidLoginPage -->
