<?xml version="1.0" encoding="UTF-8"?>
<!-- Generated by org.testng.reporters.JUnitReportReporter -->
<testsuite hostname="DESKTOP-955TIBR" name="com.TestNgActiTime.script.Test1" tests="2" failures="0" timestamp="12 May 2020 01:09:50 GMT" time="32.768" errors="0">
  <testcase name="password" time="17.226" classname="com.TestNgActiTime.script.Test1"/>
  <testcase name="login" time="15.542" classname="com.TestNgActiTime.script.Test1"/>
</testsuite> <!-- com.TestNgActiTime.script.Test1 -->
