<?xml version="1.0" encoding="UTF-8"?>
<!-- Generated by org.testng.reporters.JUnitReportReporter -->
<testsuite hostname="DESKTOP-955TIBR" name="com.TestNgActiTime.script.Test_Click_ReportsTab" tests="1" failures="0" timestamp="27 Jun 2020 05:08:21 GMT" time="23.715" errors="0">
  <testcase name="testClickReportsTab" time="23.715" classname="com.TestNgActiTime.script.Test_Click_ReportsTab"/>
</testsuite> <!-- com.TestNgActiTime.script.Test_Click_ReportsTab -->
