<?xml version="1.0" encoding="UTF-8"?>
<!-- Generated by org.testng.reporters.JUnitReportReporter -->
<testsuite hostname="DESKTOP-955TIBR" name="com.TestNgActiTime.script.TestClick_TaskTab" tests="1" failures="0" timestamp="15 May 2020 05:37:38 GMT" time="10.955" errors="0">
  <testcase name="testClickTaskTab" time="10.955" classname="com.TestNgActiTime.script.TestClick_TaskTab"/>
</testsuite> <!-- com.TestNgActiTime.script.TestClick_TaskTab -->
