<?xml version="1.0" encoding="UTF-8"?>
<!-- Generated by org.testng.reporters.JUnitReportReporter -->
<testsuite hostname="DESKTOP-955TIBR" name="com.TestNgActiTime.script.TestProductEdition" tests="1" failures="0" timestamp="15 May 2020 05:37:38 GMT" time="3.618" errors="0">
  <testcase name="CheckProductEdition" time="3.618" classname="com.TestNgActiTime.script.TestProductEdition"/>
</testsuite> <!-- com.TestNgActiTime.script.TestProductEdition -->
