<?xml version="1.0" encoding="UTF-8"?>
<!-- Generated by org.testng.reporters.JUnitReportReporter -->
<testsuite hostname="DESKTOP-955TIBR" name="com.TestNgActiTime.script.Test_IssueDate" tests="1" failures="0" timestamp="27 Jun 2020 05:08:21 GMT" time="12.726" errors="0">
  <testcase name="CheckIssueDate" time="12.726" classname="com.TestNgActiTime.script.Test_IssueDate"/>
</testsuite> <!-- com.TestNgActiTime.script.Test_IssueDate -->
