<?xml version="1.0" encoding="UTF-8"?>
<!-- Generated by org.testng.reporters.JUnitReportReporter -->
<testsuite hostname="DESKTOP-955TIBR" name="com.TestNgActiTime.script.Test_CreateNewCustomer" tests="1" failures="0" timestamp="27 Jun 2020 05:08:21 GMT" time="14.402" errors="0">
  <testcase name="testCreateNewCustomer" time="14.402" classname="com.TestNgActiTime.script.Test_CreateNewCustomer"/>
</testsuite> <!-- com.TestNgActiTime.script.Test_CreateNewCustomer -->
