<?xml version="1.0" encoding="UTF-8"?>
<!-- Generated by org.testng.reporters.JUnitReportReporter -->
<testsuite hostname="DESKTOP-955TIBR" name="com.TestNgActiTime.script.Test_CreateNewTasks" tests="1" failures="0" timestamp="27 Jun 2020 05:08:21 GMT" time="12.613" errors="0">
  <testcase name="testCreateNewTask" time="12.613" classname="com.TestNgActiTime.script.Test_CreateNewTasks"/>
</testsuite> <!-- com.TestNgActiTime.script.Test_CreateNewTasks -->
