<?xml version="1.0" encoding="UTF-8"?>
<!-- Generated by org.testng.reporters.JUnitReportReporter -->
<testsuite hostname="DESKTOP-955TIBR" name="com.TestNgActiTime.script.TestClick_ReportsTab" tests="1" failures="0" timestamp="15 May 2020 05:37:38 GMT" time="9.021" errors="0">
  <testcase name="testClickReportsTab" time="9.021" classname="com.TestNgActiTime.script.TestClick_ReportsTab"/>
</testsuite> <!-- com.TestNgActiTime.script.TestClick_ReportsTab -->
